c:\users\matheus\source\repos\firs tinternal hack\firstinternalhack\debug\firstinternalhack.pch
c:\users\matheus\source\repos\firs tinternal hack\firstinternalhack\debug\vc142.pdb
c:\users\matheus\source\repos\firs tinternal hack\firstinternalhack\debug\vc142.idb
c:\users\matheus\source\repos\firs tinternal hack\firstinternalhack\debug\pch.obj
c:\users\matheus\source\repos\firs tinternal hack\firstinternalhack\debug\mem.obj
c:\users\matheus\source\repos\firs tinternal hack\firstinternalhack\debug\hook.obj
c:\users\matheus\source\repos\firs tinternal hack\firstinternalhack\debug\gltext.obj
c:\users\matheus\source\repos\firs tinternal hack\firstinternalhack\debug\gldraw.obj
c:\users\matheus\source\repos\firs tinternal hack\firstinternalhack\debug\geom.obj
c:\users\matheus\source\repos\firs tinternal hack\firstinternalhack\debug\esp.obj
c:\users\matheus\source\repos\firs tinternal hack\firstinternalhack\debug\dllmain.obj
c:\users\matheus\source\repos\firs tinternal hack\firstinternalhack\debug\console.obj
c:\users\matheus\source\repos\firs tinternal hack\firstinternalhack\debug\assaultcube.obj
c:\users\matheus\source\repos\firs tinternal hack\firstinternalhack\debug\firstinternalhack.ilk
c:\users\matheus\source\repos\firs tinternal hack\debug\firstinternalhack.dll
c:\users\matheus\source\repos\firs tinternal hack\debug\firstinternalhack.pdb
c:\users\matheus\source\repos\firs tinternal hack\firstinternalhack\debug\firstint.37dd7afc.tlog\cl.command.1.tlog
c:\users\matheus\source\repos\firs tinternal hack\firstinternalhack\debug\firstint.37dd7afc.tlog\cl.read.1.tlog
c:\users\matheus\source\repos\firs tinternal hack\firstinternalhack\debug\firstint.37dd7afc.tlog\cl.write.1.tlog
c:\users\matheus\source\repos\firs tinternal hack\firstinternalhack\debug\firstint.37dd7afc.tlog\link.command.1.tlog
c:\users\matheus\source\repos\firs tinternal hack\firstinternalhack\debug\firstint.37dd7afc.tlog\link.read.1.tlog
c:\users\matheus\source\repos\firs tinternal hack\firstinternalhack\debug\firstint.37dd7afc.tlog\link.write.1.tlog
